<?xml version="1.0" encoding="UTF-8"?>
<testsuite xmlns:xsi="http://www.w3.org/2001/XMLSchema-instance" xsi:noNamespaceSchemaLocation="https://maven.apache.org/surefire/maven-surefire-plugin/xsd/surefire-test-report-3.0.xsd" version="3.0" name="com.runapp.workoutservice.dto.response.AchievementResponseDiffblueTest" time="0.046" tests="14" errors="0" skipped="0" failures="0">
  <properties>
[...]
</properties>
  <testcase name="testEquals2" classname="com.runapp.workoutservice.dto.response.AchievementResponseDiffblueTest" time="0.001"/>
  <testcase name="testEquals3" classname="com.runapp.workoutservice.dto.response.AchievementResponseDiffblueTest" time="0.001"/>
  <testcase name="testEquals4" classname="com.runapp.workoutservice.dto.response.AchievementResponseDiffblueTest" time="0"/>
  <testcase name="testEquals5" classname="com.runapp.workoutservice.dto.response.AchievementResponseDiffblueTest" time="0"/>
  <testcase name="testEquals6" classname="com.runapp.workoutservice.dto.response.AchievementResponseDiffblueTest" time="0"/>
  <testcase name="testEquals7" classname="com.runapp.workoutservice.dto.response.AchievementResponseDiffblueTest" time="0"/>
  <testcase name="testEquals8" classname="com.runapp.workoutservice.dto.response.AchievementResponseDiffblueTest" time="0"/>
  <testcase name="testEquals9" classname="com.runapp.workoutservice.dto.response.AchievementResponseDiffblueTest" time="0"/>
  <testcase name="testEquals10" classname="com.runapp.workoutservice.dto.response.AchievementResponseDiffblueTest" time="0"/>
  <testcase name="testEquals11" classname="com.runapp.workoutservice.dto.response.AchievementResponseDiffblueTest" time="0"/>
  <testcase name="testEquals12" classname="com.runapp.workoutservice.dto.response.AchievementResponseDiffblueTest" time="0.031"/>
  <testcase name="testEquals13" classname="com.runapp.workoutservice.dto.response.AchievementResponseDiffblueTest" time="0.001"/>
  <testcase name="testEquals" classname="com.runapp.workoutservice.dto.response.AchievementResponseDiffblueTest" time="0"/>
  <testcase name="testConstructor" classname="com.runapp.workoutservice.dto.response.AchievementResponseDiffblueTest" time="0.006"/>
</testsuite>